/mnt/c/Users/nateg/OneDrive/Documentos/GitHub/stuff/Chris Williamson/15 Harsh Psychology Facts That Will Make Your Life Better - Adam Lane Smith.txt
/mnt/c/Users/nateg/OneDrive/Documentos/GitHub/stuff/Chris Williamson/8 Brutal Lessons To Become A Better Man - Patrick Bet-David (4K).txt
/mnt/c/Users/nateg/OneDrive/Documentos/GitHub/stuff/Chris Williamson/Brace Yourself For The Collapse Of Modern Society - Peter Zeihan.txt
/mnt/c/Users/nateg/OneDrive/Documentos/GitHub/stuff/Chris Williamson/Control Your Mind For Extreme Motivation And Focus - Andrew Huberman (4K).txt
/mnt/c/Users/nateg/OneDrive/Documentos/GitHub/stuff/Chris Williamson/Daniel Schmachtenberger ｜ Reality, Meaning & Self-Development ｜ Modern Wisdom Podcast 179.txt
/mnt/c/Users/nateg/OneDrive/Documentos/GitHub/stuff/Chris Williamson/Don't Let Your Potential Slip Through Your Fingers - Jordan Peterson.txt
/mnt/c/Users/nateg/OneDrive/Documentos/GitHub/stuff/Chris Williamson/Eric Weinstein - Are We On The Brink Of A Revolution？ (4K).txt
/mnt/c/Users/nateg/OneDrive/Documentos/GitHub/stuff/Chris Williamson/Eric Weinstein - Why No One Can Agree On The Truth Anymore (4K).txt
/mnt/c/Users/nateg/OneDrive/Documentos/GitHub/stuff/Chris Williamson/Eric Weinstein - Why The Modern World Makes No Sense (4K).txt
/mnt/c/Users/nateg/OneDrive/Documentos/GitHub/stuff/Chris Williamson/Greenpeace's Ex-President - Is Climate Change Fake？ - Patrick Moore ｜ Modern Wisdom Podcast 373.txt
/mnt/c/Users/nateg/OneDrive/Documentos/GitHub/stuff/Chris Williamson/Have We Reached Peak Stupidity？ - Destiny (4K).txt
/mnt/c/Users/nateg/OneDrive/Documentos/GitHub/stuff/Chris Williamson/How Will Korea Survive A 94% Population Reduction？ - Malcolm Collins.txt
/mnt/c/Users/nateg/OneDrive/Documentos/GitHub/stuff/Chris Williamson/Interesting Ideas From Philosophy You've Never Heard - Alex O'Connor (4K).txt
/mnt/c/Users/nateg/OneDrive/Documentos/GitHub/stuff/Chris Williamson/The Dark Side Of Hookup Culture - Louise Perry.txt
/mnt/c/Users/nateg/OneDrive/Documentos/GitHub/stuff/Chris Williamson/The Fundamental Principles For A Happier Life - Arthur Brooks.txt
/mnt/c/Users/nateg/OneDrive/Documentos/GitHub/stuff/Chris Williamson/The Looming Collapse Of America's Economic Power - Ray Dalio.txt
/mnt/c/Users/nateg/OneDrive/Documentos/GitHub/stuff/Chris Williamson/The Real Agenda Of Those In Power - Rob Henderson.txt
/mnt/c/Users/nateg/OneDrive/Documentos/GitHub/stuff/Chris Williamson/The Ugly Truth About Social Media - Neuroscientist Andrew Huberman.txt
/mnt/c/Users/nateg/OneDrive/Documentos/GitHub/stuff/Chris Williamson/The Wisdom Of Intuition - Iain McGilchrist.txt
/mnt/c/Users/nateg/OneDrive/Documentos/GitHub/stuff/Chris Williamson/What Being A ＂Nice Guy＂ Actually Signals To Women - Dr Robert Glover.txt
/mnt/c/Users/nateg/OneDrive/Documentos/GitHub/stuff/Chris Williamson/Why Are We Glorifying Insanity？ - Konstantin Kisin (4K).txt
/mnt/c/Users/nateg/OneDrive/Documentos/GitHub/stuff/Chris Williamson/Why Can Nobody Think For Themselves Anymore？ - Douglas Murray (4K).txt
/mnt/c/Users/nateg/OneDrive/Documentos/GitHub/stuff/Chris Williamson/Why You Should Take The White Pill - Michael Malice.txt
